<?xml version="1.0" encoding="UTF-8"?>
<testng-results skipped="0" failed="2" ignored="0" total="22" passed="20">
  <reporter-output>
  </reporter-output>
  <suite name="Default suite" duration-ms="66578" started-at="2019-01-27T07:13:22Z" finished-at="2019-01-27T07:14:28Z">
    <groups>
    </groups>
    <test name="Default test" duration-ms="66578" started-at="2019-01-27T07:13:22Z" finished-at="2019-01-27T07:14:28Z">
      <class name="test.TC1">
        <test-method status="PASS" signature="setup()[pri:0, instance:test.TC1@72f926e6]" name="setup" duration-ms="8735" started-at="2019-01-27T07:13:22Z" finished-at="2019-01-27T07:13:30Z">
          <reporter-output>
          </reporter-output>
        </test-method> <!-- setup -->
        <test-method status="PASS" signature="testLogin()[pri:1, instance:test.TC1@72f926e6]" name="testLogin" duration-ms="3041" started-at="2019-01-27T07:13:30Z" finished-at="2019-01-27T07:13:33Z">
          <reporter-output>
          </reporter-output>
        </test-method> <!-- testLogin -->
        <test-method status="PASS" signature="clickSort()[pri:2, instance:test.TC1@72f926e6]" name="clickSort" duration-ms="225" started-at="2019-01-27T07:13:33Z" finished-at="2019-01-27T07:13:34Z">
          <reporter-output>
          </reporter-output>
        </test-method> <!-- clickSort -->
        <test-method status="PASS" signature="sortByNameAsc()[pri:3, instance:test.TC1@72f926e6]" name="sortByNameAsc" duration-ms="1797" started-at="2019-01-27T07:13:34Z" finished-at="2019-01-27T07:13:35Z">
          <reporter-output>
          </reporter-output>
        </test-method> <!-- sortByNameAsc -->
        <test-method status="PASS" signature="sortByNameDesc()[pri:4, instance:test.TC1@72f926e6]" name="sortByNameDesc" duration-ms="1976" started-at="2019-01-27T07:13:35Z" finished-at="2019-01-27T07:13:37Z">
          <reporter-output>
          </reporter-output>
        </test-method> <!-- sortByNameDesc -->
        <test-method status="PASS" signature="sortByPriceAsc()[pri:5, instance:test.TC1@72f926e6]" name="sortByPriceAsc" duration-ms="1991" started-at="2019-01-27T07:13:37Z" finished-at="2019-01-27T07:13:39Z">
          <reporter-output>
          </reporter-output>
        </test-method> <!-- sortByPriceAsc -->
        <test-method status="PASS" signature="sortByPriceDesc()[pri:6, instance:test.TC1@72f926e6]" name="sortByPriceDesc" duration-ms="1961" started-at="2019-01-27T07:13:39Z" finished-at="2019-01-27T07:13:41Z">
          <reporter-output>
          </reporter-output>
        </test-method> <!-- sortByPriceDesc -->
        <test-method status="PASS" signature="addToCart()[pri:7, instance:test.TC1@72f926e6]" name="addToCart" duration-ms="321" started-at="2019-01-27T07:13:41Z" finished-at="2019-01-27T07:13:42Z">
          <reporter-output>
          </reporter-output>
        </test-method> <!-- addToCart -->
        <test-method status="PASS" signature="removeToCart()[pri:8, instance:test.TC1@72f926e6]" name="removeToCart" duration-ms="163" started-at="2019-01-27T07:13:42Z" finished-at="2019-01-27T07:13:42Z">
          <reporter-output>
          </reporter-output>
        </test-method> <!-- removeToCart -->
        <test-method status="PASS" signature="addToCart2()[pri:9, instance:test.TC1@72f926e6]" name="addToCart2" duration-ms="201" started-at="2019-01-27T07:13:42Z" finished-at="2019-01-27T07:13:42Z">
          <reporter-output>
          </reporter-output>
        </test-method> <!-- addToCart2 -->
        <test-method status="PASS" signature="clickCartIcon()[pri:10, instance:test.TC1@72f926e6]" name="clickCartIcon" duration-ms="2096" started-at="2019-01-27T07:13:42Z" finished-at="2019-01-27T07:13:44Z">
          <reporter-output>
          </reporter-output>
        </test-method> <!-- clickCartIcon -->
        <test-method status="FAIL" signature="validateQuantityEdit()[pri:11, instance:test.TC1@72f926e6]" name="validateQuantityEdit" duration-ms="99" started-at="2019-01-27T07:13:44Z" finished-at="2019-01-27T07:13:44Z">
          <exception class="org.openqa.selenium.WebDriverException">
            <message>
              <![CDATA[unknown error: cannot focus element
  (Session info: chrome=71.0.3578.98)
  (Driver info: chromedriver=2.45.615291 (ec3682e3c9061c10f26ea9e5cdcf3c53f3f74387),platform=Windows NT 10.0.17134 x86_64) (WARNING: The server did not provide any stacktrace information)
Command duration or timeout: 0 milliseconds
Build info: version: '3.141.59', revision: 'e82be7d358', time: '2018-11-14T08:17:03'
System info: host: 'DESKTOP-4LA1QK6', ip: '192.168.254.109', os.name: 'Windows 10', os.arch: 'amd64', os.version: '10.0', java.version: '1.8.0_201'
Driver info: org.openqa.selenium.chrome.ChromeDriver
Capabilities {acceptInsecureCerts: false, acceptSslCerts: false, applicationCacheEnabled: false, browserConnectionEnabled: false, browserName: chrome, chrome: {chromedriverVersion: 2.45.615291 (ec3682e3c9061c..., userDataDir: C:\Users\JOHNER~1\AppData\L...}, cssSelectorsEnabled: true, databaseEnabled: false, goog:chromeOptions: {debuggerAddress: localhost:56305}, handlesAlerts: true, hasTouchScreen: false, javascriptEnabled: true, locationContextEnabled: true, mobileEmulationEnabled: false, nativeEvents: true, networkConnectionEnabled: false, pageLoadStrategy: normal, platform: XP, platformName: XP, proxy: Proxy(), rotatable: false, setWindowRect: true, strictFileInteractability: false, takesHeapSnapshot: true, takesScreenshot: true, timeouts: {implicit: 0, pageLoad: 300000, script: 30000}, unexpectedAlertBehaviour: ignore, unhandledPromptBehavior: ignore, version: 71.0.3578.98, webStorageEnabled: true}
Session ID: 0be0dbebc6bcaac2ad54be6a26750087]]>
            </message>
            <full-stacktrace>
              <![CDATA[org.openqa.selenium.WebDriverException: unknown error: cannot focus element
  (Session info: chrome=71.0.3578.98)
  (Driver info: chromedriver=2.45.615291 (ec3682e3c9061c10f26ea9e5cdcf3c53f3f74387),platform=Windows NT 10.0.17134 x86_64) (WARNING: The server did not provide any stacktrace information)
Command duration or timeout: 0 milliseconds
Build info: version: '3.141.59', revision: 'e82be7d358', time: '2018-11-14T08:17:03'
System info: host: 'DESKTOP-4LA1QK6', ip: '192.168.254.109', os.name: 'Windows 10', os.arch: 'amd64', os.version: '10.0', java.version: '1.8.0_201'
Driver info: org.openqa.selenium.chrome.ChromeDriver
Capabilities {acceptInsecureCerts: false, acceptSslCerts: false, applicationCacheEnabled: false, browserConnectionEnabled: false, browserName: chrome, chrome: {chromedriverVersion: 2.45.615291 (ec3682e3c9061c..., userDataDir: C:\Users\JOHNER~1\AppData\L...}, cssSelectorsEnabled: true, databaseEnabled: false, goog:chromeOptions: {debuggerAddress: localhost:56305}, handlesAlerts: true, hasTouchScreen: false, javascriptEnabled: true, locationContextEnabled: true, mobileEmulationEnabled: false, nativeEvents: true, networkConnectionEnabled: false, pageLoadStrategy: normal, platform: XP, platformName: XP, proxy: Proxy(), rotatable: false, setWindowRect: true, strictFileInteractability: false, takesHeapSnapshot: true, takesScreenshot: true, timeouts: {implicit: 0, pageLoad: 300000, script: 30000}, unexpectedAlertBehaviour: ignore, unhandledPromptBehavior: ignore, version: 71.0.3578.98, webStorageEnabled: true}
Session ID: 0be0dbebc6bcaac2ad54be6a26750087
at sun.reflect.NativeConstructorAccessorImpl.newInstance0(Native Method)
at sun.reflect.NativeConstructorAccessorImpl.newInstance(Unknown Source)
at sun.reflect.DelegatingConstructorAccessorImpl.newInstance(Unknown Source)
at java.lang.reflect.Constructor.newInstance(Unknown Source)
at org.openqa.selenium.remote.ErrorHandler.createThrowable(ErrorHandler.java:214)
at org.openqa.selenium.remote.ErrorHandler.throwIfResponseFailed(ErrorHandler.java:166)
at org.openqa.selenium.remote.http.JsonHttpResponseCodec.reconstructValue(JsonHttpResponseCodec.java:40)
at org.openqa.selenium.remote.http.AbstractHttpResponseCodec.decode(AbstractHttpResponseCodec.java:80)
at org.openqa.selenium.remote.http.AbstractHttpResponseCodec.decode(AbstractHttpResponseCodec.java:44)
at org.openqa.selenium.remote.HttpCommandExecutor.execute(HttpCommandExecutor.java:158)
at org.openqa.selenium.remote.service.DriverCommandExecutor.execute(DriverCommandExecutor.java:83)
at org.openqa.selenium.remote.RemoteWebDriver.execute(RemoteWebDriver.java:552)
at org.openqa.selenium.remote.RemoteWebElement.execute(RemoteWebElement.java:285)
at org.openqa.selenium.remote.RemoteWebElement.sendKeys(RemoteWebElement.java:106)
at sun.reflect.NativeMethodAccessorImpl.invoke0(Native Method)
at sun.reflect.NativeMethodAccessorImpl.invoke(Unknown Source)
at sun.reflect.DelegatingMethodAccessorImpl.invoke(Unknown Source)
at java.lang.reflect.Method.invoke(Unknown Source)
at org.openqa.selenium.support.pagefactory.internal.LocatingElementHandler.invoke(LocatingElementHandler.java:51)
at com.sun.proxy.$Proxy8.sendKeys(Unknown Source)
at page.BasePage.verifyReadOnly(BasePage.java:88)
at page.CartPage.validateQuantity(CartPage.java:248)
at test.TC1.validateQuantityEdit(TC1.java:125)
at sun.reflect.NativeMethodAccessorImpl.invoke0(Native Method)
at sun.reflect.NativeMethodAccessorImpl.invoke(Unknown Source)
at sun.reflect.DelegatingMethodAccessorImpl.invoke(Unknown Source)
at java.lang.reflect.Method.invoke(Unknown Source)
at org.testng.internal.MethodInvocationHelper.invokeMethod(MethodInvocationHelper.java:124)
at org.testng.internal.Invoker.invokeMethod(Invoker.java:583)
at org.testng.internal.Invoker.invokeTestMethod(Invoker.java:719)
at org.testng.internal.Invoker.invokeTestMethods(Invoker.java:989)
at org.testng.internal.TestMethodWorker.invokeTestMethods(TestMethodWorker.java:125)
at org.testng.internal.TestMethodWorker.run(TestMethodWorker.java:109)
at org.testng.TestRunner.privateRun(TestRunner.java:648)
at org.testng.TestRunner.run(TestRunner.java:505)
at org.testng.SuiteRunner.runTest(SuiteRunner.java:455)
at org.testng.SuiteRunner.runSequentially(SuiteRunner.java:450)
at org.testng.SuiteRunner.privateRun(SuiteRunner.java:415)
at org.testng.SuiteRunner.run(SuiteRunner.java:364)
at org.testng.SuiteRunnerWorker.runSuite(SuiteRunnerWorker.java:52)
at org.testng.SuiteRunnerWorker.run(SuiteRunnerWorker.java:84)
at org.testng.TestNG.runSuitesSequentially(TestNG.java:1208)
at org.testng.TestNG.runSuitesLocally(TestNG.java:1137)
at org.testng.TestNG.runSuites(TestNG.java:1049)
at org.testng.TestNG.run(TestNG.java:1017)
at org.testng.remote.AbstractRemoteTestNG.run(AbstractRemoteTestNG.java:114)
at org.testng.remote.RemoteTestNG.initAndRun(RemoteTestNG.java:251)
at org.testng.remote.RemoteTestNG.main(RemoteTestNG.java:77)
]]>
            </full-stacktrace>
          </exception> <!-- org.openqa.selenium.WebDriverException -->
          <reporter-output>
          </reporter-output>
        </test-method> <!-- validateQuantityEdit -->
        <test-method status="PASS" signature="clickMenuIcon()[pri:12, instance:test.TC1@72f926e6]" name="clickMenuIcon" duration-ms="1353" started-at="2019-01-27T07:13:44Z" finished-at="2019-01-27T07:13:46Z">
          <reporter-output>
          </reporter-output>
        </test-method> <!-- clickMenuIcon -->
        <test-method status="FAIL" signature="clickAllItems()[pri:13, instance:test.TC1@72f926e6]" name="clickAllItems" duration-ms="1455" started-at="2019-01-27T07:13:46Z" finished-at="2019-01-27T07:13:47Z">
          <exception class="org.openqa.selenium.StaleElementReferenceException">
            <message>
              <![CDATA[stale element reference: element is not attached to the page document
  (Session info: chrome=71.0.3578.98)
  (Driver info: chromedriver=2.45.615291 (ec3682e3c9061c10f26ea9e5cdcf3c53f3f74387),platform=Windows NT 10.0.17134 x86_64) (WARNING: The server did not provide any stacktrace information)
Command duration or timeout: 0 milliseconds
For documentation on this error, please visit: https://www.seleniumhq.org/exceptions/stale_element_reference.html
Build info: version: '3.141.59', revision: 'e82be7d358', time: '2018-11-14T08:17:03'
System info: host: 'DESKTOP-4LA1QK6', ip: '192.168.254.109', os.name: 'Windows 10', os.arch: 'amd64', os.version: '10.0', java.version: '1.8.0_201'
Driver info: org.openqa.selenium.chrome.ChromeDriver
Capabilities {acceptInsecureCerts: false, acceptSslCerts: false, applicationCacheEnabled: false, browserConnectionEnabled: false, browserName: chrome, chrome: {chromedriverVersion: 2.45.615291 (ec3682e3c9061c..., userDataDir: C:\Users\JOHNER~1\AppData\L...}, cssSelectorsEnabled: true, databaseEnabled: false, goog:chromeOptions: {debuggerAddress: localhost:56305}, handlesAlerts: true, hasTouchScreen: false, javascriptEnabled: true, locationContextEnabled: true, mobileEmulationEnabled: false, nativeEvents: true, networkConnectionEnabled: false, pageLoadStrategy: normal, platform: XP, platformName: XP, proxy: Proxy(), rotatable: false, setWindowRect: true, strictFileInteractability: false, takesHeapSnapshot: true, takesScreenshot: true, timeouts: {implicit: 0, pageLoad: 300000, script: 30000}, unexpectedAlertBehaviour: ignore, unhandledPromptBehavior: ignore, version: 71.0.3578.98, webStorageEnabled: true}
Session ID: 0be0dbebc6bcaac2ad54be6a26750087]]>
            </message>
            <full-stacktrace>
              <![CDATA[org.openqa.selenium.StaleElementReferenceException: stale element reference: element is not attached to the page document
  (Session info: chrome=71.0.3578.98)
  (Driver info: chromedriver=2.45.615291 (ec3682e3c9061c10f26ea9e5cdcf3c53f3f74387),platform=Windows NT 10.0.17134 x86_64) (WARNING: The server did not provide any stacktrace information)
Command duration or timeout: 0 milliseconds
For documentation on this error, please visit: https://www.seleniumhq.org/exceptions/stale_element_reference.html
Build info: version: '3.141.59', revision: 'e82be7d358', time: '2018-11-14T08:17:03'
System info: host: 'DESKTOP-4LA1QK6', ip: '192.168.254.109', os.name: 'Windows 10', os.arch: 'amd64', os.version: '10.0', java.version: '1.8.0_201'
Driver info: org.openqa.selenium.chrome.ChromeDriver
Capabilities {acceptInsecureCerts: false, acceptSslCerts: false, applicationCacheEnabled: false, browserConnectionEnabled: false, browserName: chrome, chrome: {chromedriverVersion: 2.45.615291 (ec3682e3c9061c..., userDataDir: C:\Users\JOHNER~1\AppData\L...}, cssSelectorsEnabled: true, databaseEnabled: false, goog:chromeOptions: {debuggerAddress: localhost:56305}, handlesAlerts: true, hasTouchScreen: false, javascriptEnabled: true, locationContextEnabled: true, mobileEmulationEnabled: false, nativeEvents: true, networkConnectionEnabled: false, pageLoadStrategy: normal, platform: XP, platformName: XP, proxy: Proxy(), rotatable: false, setWindowRect: true, strictFileInteractability: false, takesHeapSnapshot: true, takesScreenshot: true, timeouts: {implicit: 0, pageLoad: 300000, script: 30000}, unexpectedAlertBehaviour: ignore, unhandledPromptBehavior: ignore, version: 71.0.3578.98, webStorageEnabled: true}
Session ID: 0be0dbebc6bcaac2ad54be6a26750087
at sun.reflect.NativeConstructorAccessorImpl.newInstance0(Native Method)
at sun.reflect.NativeConstructorAccessorImpl.newInstance(Unknown Source)
at sun.reflect.DelegatingConstructorAccessorImpl.newInstance(Unknown Source)
at java.lang.reflect.Constructor.newInstance(Unknown Source)
at org.openqa.selenium.remote.ErrorHandler.createThrowable(ErrorHandler.java:214)
at org.openqa.selenium.remote.ErrorHandler.throwIfResponseFailed(ErrorHandler.java:166)
at org.openqa.selenium.remote.http.JsonHttpResponseCodec.reconstructValue(JsonHttpResponseCodec.java:40)
at org.openqa.selenium.remote.http.AbstractHttpResponseCodec.decode(AbstractHttpResponseCodec.java:80)
at org.openqa.selenium.remote.http.AbstractHttpResponseCodec.decode(AbstractHttpResponseCodec.java:44)
at org.openqa.selenium.remote.HttpCommandExecutor.execute(HttpCommandExecutor.java:158)
at org.openqa.selenium.remote.service.DriverCommandExecutor.execute(DriverCommandExecutor.java:83)
at org.openqa.selenium.remote.RemoteWebDriver.execute(RemoteWebDriver.java:552)
at org.openqa.selenium.remote.RemoteWebElement.execute(RemoteWebElement.java:285)
at org.openqa.selenium.remote.RemoteWebElement.getSize(RemoteWebElement.java:346)
at sun.reflect.NativeMethodAccessorImpl.invoke0(Native Method)
at sun.reflect.NativeMethodAccessorImpl.invoke(Unknown Source)
at sun.reflect.DelegatingMethodAccessorImpl.invoke(Unknown Source)
at java.lang.reflect.Method.invoke(Unknown Source)
at org.openqa.selenium.support.pagefactory.internal.LocatingElementHandler.invoke(LocatingElementHandler.java:51)
at com.sun.proxy.$Proxy8.getSize(Unknown Source)
at page.BasePage.checkExist(BasePage.java:52)
at page.InventoryPage.validateRedirectedToInventory(InventoryPage.java:210)
at test.TC1.clickAllItems(TC1.java:143)
at sun.reflect.NativeMethodAccessorImpl.invoke0(Native Method)
at sun.reflect.NativeMethodAccessorImpl.invoke(Unknown Source)
at sun.reflect.DelegatingMethodAccessorImpl.invoke(Unknown Source)
at java.lang.reflect.Method.invoke(Unknown Source)
at org.testng.internal.MethodInvocationHelper.invokeMethod(MethodInvocationHelper.java:124)
at org.testng.internal.Invoker.invokeMethod(Invoker.java:583)
at org.testng.internal.Invoker.invokeTestMethod(Invoker.java:719)
at org.testng.internal.Invoker.invokeTestMethods(Invoker.java:989)
at org.testng.internal.TestMethodWorker.invokeTestMethods(TestMethodWorker.java:125)
at org.testng.internal.TestMethodWorker.run(TestMethodWorker.java:109)
at org.testng.TestRunner.privateRun(TestRunner.java:648)
at org.testng.TestRunner.run(TestRunner.java:505)
at org.testng.SuiteRunner.runTest(SuiteRunner.java:455)
at org.testng.SuiteRunner.runSequentially(SuiteRunner.java:450)
at org.testng.SuiteRunner.privateRun(SuiteRunner.java:415)
at org.testng.SuiteRunner.run(SuiteRunner.java:364)
at org.testng.SuiteRunnerWorker.runSuite(SuiteRunnerWorker.java:52)
at org.testng.SuiteRunnerWorker.run(SuiteRunnerWorker.java:84)
at org.testng.TestNG.runSuitesSequentially(TestNG.java:1208)
at org.testng.TestNG.runSuitesLocally(TestNG.java:1137)
at org.testng.TestNG.runSuites(TestNG.java:1049)
at org.testng.TestNG.run(TestNG.java:1017)
at org.testng.remote.AbstractRemoteTestNG.run(AbstractRemoteTestNG.java:114)
at org.testng.remote.RemoteTestNG.initAndRun(RemoteTestNG.java:251)
at org.testng.remote.RemoteTestNG.main(RemoteTestNG.java:77)
]]>
            </full-stacktrace>
          </exception> <!-- org.openqa.selenium.StaleElementReferenceException -->
          <reporter-output>
          </reporter-output>
        </test-method> <!-- clickAllItems -->
        <test-method status="PASS" signature="clickAbout()[pri:14, instance:test.TC1@72f926e6]" name="clickAbout" duration-ms="7335" started-at="2019-01-27T07:13:47Z" finished-at="2019-01-27T07:13:54Z">
          <reporter-output>
          </reporter-output>
        </test-method> <!-- clickAbout -->
        <test-method status="PASS" signature="reLogin()[pri:15, instance:test.TC1@72f926e6]" name="reLogin" duration-ms="14364" started-at="2019-01-27T07:13:54Z" finished-at="2019-01-27T07:14:09Z">
          <reporter-output>
          </reporter-output>
        </test-method> <!-- reLogin -->
        <test-method status="PASS" signature="clickMenuIcon1()[pri:16, instance:test.TC1@72f926e6]" name="clickMenuIcon1" duration-ms="1282" started-at="2019-01-27T07:14:09Z" finished-at="2019-01-27T07:14:10Z">
          <reporter-output>
          </reporter-output>
        </test-method> <!-- clickMenuIcon1 -->
        <test-method status="PASS" signature="logout()[pri:17, instance:test.TC1@72f926e6]" name="logout" duration-ms="919" started-at="2019-01-27T07:14:10Z" finished-at="2019-01-27T07:14:11Z">
          <reporter-output>
          </reporter-output>
        </test-method> <!-- logout -->
        <test-method status="PASS" signature="validateRedirectedToLogin()[pri:18, instance:test.TC1@72f926e6]" name="validateRedirectedToLogin" duration-ms="10691" started-at="2019-01-27T07:14:11Z" finished-at="2019-01-27T07:14:22Z">
          <reporter-output>
          </reporter-output>
        </test-method> <!-- validateRedirectedToLogin -->
        <test-method status="PASS" signature="addToCart3()[pri:19, instance:test.TC1@72f926e6]" name="addToCart3" duration-ms="235" started-at="2019-01-27T07:14:22Z" finished-at="2019-01-27T07:14:22Z">
          <reporter-output>
          </reporter-output>
        </test-method> <!-- addToCart3 -->
        <test-method status="PASS" signature="clickResetLink()[pri:20, instance:test.TC1@72f926e6]" name="clickResetLink" duration-ms="2617" started-at="2019-01-27T07:14:22Z" finished-at="2019-01-27T07:14:25Z">
          <reporter-output>
          </reporter-output>
        </test-method> <!-- clickResetLink -->
        <test-method status="PASS" signature="validateAppStateReset()[pri:21, instance:test.TC1@72f926e6]" name="validateAppStateReset" duration-ms="3599" started-at="2019-01-27T07:14:25Z" finished-at="2019-01-27T07:14:28Z">
          <reporter-output>
          </reporter-output>
        </test-method> <!-- validateAppStateReset -->
      </class> <!-- test.TC1 -->
    </test> <!-- Default test -->
  </suite> <!-- Default suite -->
</testng-results>
